<?xml version="1.0" encoding="UTF-8"?>
<coverage generated="1763875166592" clover="3.2.0">
  <project timestamp="1763875166592" name="All files">
    <metrics statements="152" coveredstatements="152" conditionals="64" coveredconditionals="57" methods="41" coveredmethods="41" elements="257" coveredelements="250" complexity="0" loc="152" ncloc="152" packages="6" files="16" classes="16"/>
    <package name="src">
      <metrics statements="15" coveredstatements="15" conditionals="4" coveredconditionals="3" methods="3" coveredmethods="3"/>
      <file name="app.controller.ts" path="/Users/pakakornsitthisak/workspace/data-wow_test/backend/src/app.controller.ts">
        <metrics statements="6" coveredstatements="6" conditionals="4" coveredconditionals="3" methods="2" coveredmethods="2"/>
        <line num="1" count="2" type="stmt"/>
        <line num="2" count="2" type="stmt"/>
        <line num="5" count="2" type="stmt"/>
        <line num="6" count="6" type="cond" truecount="3" falsecount="1"/>
        <line num="9" count="2" type="stmt"/>
        <line num="10" count="1" type="stmt"/>
      </file>
      <file name="app.module.ts" path="/Users/pakakornsitthisak/workspace/data-wow_test/backend/src/app.module.ts">
        <metrics statements="6" coveredstatements="6" conditionals="0" coveredconditionals="0" methods="0" coveredmethods="0"/>
        <line num="1" count="1" type="stmt"/>
        <line num="2" count="1" type="stmt"/>
        <line num="3" count="1" type="stmt"/>
        <line num="4" count="1" type="stmt"/>
        <line num="5" count="1" type="stmt"/>
        <line num="12" count="1" type="stmt"/>
      </file>
      <file name="app.service.ts" path="/Users/pakakornsitthisak/workspace/data-wow_test/backend/src/app.service.ts">
        <metrics statements="3" coveredstatements="3" conditionals="0" coveredconditionals="0" methods="1" coveredmethods="1"/>
        <line num="1" count="2" type="stmt"/>
        <line num="4" count="2" type="stmt"/>
        <line num="6" count="1" type="stmt"/>
      </file>
    </package>
    <package name="src.common.filters">
      <metrics statements="8" coveredstatements="8" conditionals="8" coveredconditionals="8" methods="1" coveredmethods="1"/>
      <file name="http-exception.filter.ts" path="/Users/pakakornsitthisak/workspace/data-wow_test/backend/src/common/filters/http-exception.filter.ts">
        <metrics statements="8" coveredstatements="8" conditionals="8" coveredconditionals="8" methods="1" coveredmethods="1"/>
        <line num="1" count="1" type="stmt"/>
        <line num="11" count="1" type="stmt"/>
        <line num="13" count="10" type="stmt"/>
        <line num="14" count="10" type="stmt"/>
        <line num="15" count="10" type="stmt"/>
        <line num="18" count="10" type="cond" truecount="2" falsecount="0"/>
        <line num="23" count="10" type="cond" truecount="2" falsecount="0"/>
        <line num="27" count="10" type="stmt"/>
      </file>
    </package>
    <package name="src.concert">
      <metrics statements="43" coveredstatements="43" conditionals="12" coveredconditionals="10" methods="12" coveredmethods="12"/>
      <file name="concert.controller.ts" path="/Users/pakakornsitthisak/workspace/data-wow_test/backend/src/concert/concert.controller.ts">
        <metrics statements="14" coveredstatements="14" conditionals="8" coveredconditionals="6" methods="5" coveredmethods="5"/>
        <line num="1" count="2" type="stmt"/>
        <line num="12" count="2" type="stmt"/>
        <line num="13" count="2" type="stmt"/>
        <line num="16" count="2" type="stmt"/>
        <line num="17" count="19" type="cond" truecount="3" falsecount="1"/>
        <line num="21" count="2" type="cond" truecount="3" falsecount="1"/>
        <line num="22" count="13" type="stmt"/>
        <line num="26" count="2" type="stmt"/>
        <line num="27" count="6" type="stmt"/>
        <line num="31" count="2" type="stmt"/>
        <line num="32" count="3" type="stmt"/>
        <line num="36" count="2" type="stmt"/>
        <line num="37" count="3" type="stmt"/>
        <line num="38" count="2" type="stmt"/>
      </file>
      <file name="concert.entity.ts" path="/Users/pakakornsitthisak/workspace/data-wow_test/backend/src/concert/concert.entity.ts">
        <metrics statements="7" coveredstatements="7" conditionals="0" coveredconditionals="0" methods="1" coveredmethods="1"/>
        <line num="1" count="6" type="stmt"/>
        <line num="10" count="61" type="stmt"/>
        <line num="11" count="61" type="stmt"/>
        <line num="12" count="61" type="stmt"/>
        <line num="13" count="61" type="stmt"/>
        <line num="14" count="61" type="stmt"/>
        <line num="15" count="61" type="stmt"/>
      </file>
      <file name="concert.module.ts" path="/Users/pakakornsitthisak/workspace/data-wow_test/backend/src/concert/concert.module.ts">
        <metrics statements="4" coveredstatements="4" conditionals="0" coveredconditionals="0" methods="0" coveredmethods="0"/>
        <line num="1" count="1" type="stmt"/>
        <line num="2" count="1" type="stmt"/>
        <line num="3" count="1" type="stmt"/>
        <line num="10" count="1" type="stmt"/>
      </file>
      <file name="concert.service.ts" path="/Users/pakakornsitthisak/workspace/data-wow_test/backend/src/concert/concert.service.ts">
        <metrics statements="18" coveredstatements="18" conditionals="4" coveredconditionals="4" methods="6" coveredmethods="6"/>
        <line num="1" count="5" type="stmt"/>
        <line num="2" count="5" type="stmt"/>
        <line num="6" count="5" type="stmt"/>
        <line num="7" count="74" type="stmt"/>
        <line num="8" count="74" type="stmt"/>
        <line num="11" count="57" type="stmt"/>
        <line num="16" count="57" type="stmt"/>
        <line num="17" count="57" type="stmt"/>
        <line num="18" count="57" type="stmt"/>
        <line num="22" count="11" type="stmt"/>
        <line num="26" count="53" type="stmt"/>
        <line num="27" count="53" type="cond" truecount="2" falsecount="0"/>
        <line num="28" count="4" type="stmt"/>
        <line num="30" count="49" type="stmt"/>
        <line num="34" count="6" type="stmt"/>
        <line num="35" count="6" type="cond" truecount="2" falsecount="0"/>
        <line num="36" count="2" type="stmt"/>
        <line num="38" count="4" type="stmt"/>
      </file>
    </package>
    <package name="src.concert.dto">
      <metrics statements="7" coveredstatements="7" conditionals="0" coveredconditionals="0" methods="0" coveredmethods="0"/>
      <file name="concert-with-stats.dto.ts" path="/Users/pakakornsitthisak/workspace/data-wow_test/backend/src/concert/dto/concert-with-stats.dto.ts">
        <metrics statements="2" coveredstatements="2" conditionals="0" coveredconditionals="0" methods="0" coveredmethods="0"/>
        <line num="1" count="1" type="stmt"/>
        <line num="3" count="1" type="stmt"/>
      </file>
      <file name="create-concert.dto.ts" path="/Users/pakakornsitthisak/workspace/data-wow_test/backend/src/concert/dto/create-concert.dto.ts">
        <metrics statements="5" coveredstatements="5" conditionals="0" coveredconditionals="0" methods="0" coveredmethods="0"/>
        <line num="1" count="2" type="stmt"/>
        <line num="3" count="2" type="stmt"/>
        <line num="6" count="2" type="stmt"/>
        <line num="10" count="2" type="stmt"/>
        <line num="14" count="2" type="stmt"/>
      </file>
    </package>
    <package name="src.reservation">
      <metrics statements="71" coveredstatements="71" conditionals="40" coveredconditionals="36" methods="25" coveredmethods="25"/>
      <file name="reservation.controller.ts" path="/Users/pakakornsitthisak/workspace/data-wow_test/backend/src/reservation/reservation.controller.ts">
        <metrics statements="15" coveredstatements="15" conditionals="14" coveredconditionals="11" methods="4" coveredmethods="4"/>
        <line num="1" count="2" type="stmt"/>
        <line num="12" count="2" type="stmt"/>
        <line num="13" count="2" type="stmt"/>
        <line num="14" count="2" type="stmt"/>
        <line num="17" count="2" type="stmt"/>
        <line num="18" count="22" type="cond" truecount="3" falsecount="1"/>
        <line num="22" count="2" type="cond" truecount="3" falsecount="1"/>
        <line num="23" count="21" type="stmt"/>
        <line num="27" count="2" type="stmt"/>
        <line num="28" count="10" type="cond" truecount="2" falsecount="0"/>
        <line num="29" count="4" type="stmt"/>
        <line num="31" count="6" type="stmt"/>
        <line num="36" count="2" type="cond" truecount="3" falsecount="1"/>
        <line num="37" count="7" type="stmt"/>
        <line num="41" count="4" type="stmt"/>
      </file>
      <file name="reservation.entity.ts" path="/Users/pakakornsitthisak/workspace/data-wow_test/backend/src/reservation/reservation.entity.ts">
        <metrics statements="10" coveredstatements="10" conditionals="2" coveredconditionals="2" methods="2" coveredmethods="2"/>
        <line num="1" count="3" type="cond" truecount="2" falsecount="0"/>
        <line num="2" count="3" type="stmt"/>
        <line num="3" count="3" type="stmt"/>
        <line num="6" count="3" type="stmt"/>
        <line num="15" count="42" type="stmt"/>
        <line num="16" count="42" type="stmt"/>
        <line num="17" count="42" type="stmt"/>
        <line num="18" count="42" type="stmt"/>
        <line num="19" count="42" type="stmt"/>
        <line num="20" count="42" type="stmt"/>
      </file>
      <file name="reservation.module.ts" path="/Users/pakakornsitthisak/workspace/data-wow_test/backend/src/reservation/reservation.module.ts">
        <metrics statements="5" coveredstatements="5" conditionals="0" coveredconditionals="0" methods="0" coveredmethods="0"/>
        <line num="1" count="1" type="stmt"/>
        <line num="2" count="1" type="stmt"/>
        <line num="3" count="1" type="stmt"/>
        <line num="4" count="1" type="stmt"/>
        <line num="11" count="1" type="stmt"/>
      </file>
      <file name="reservation.service.ts" path="/Users/pakakornsitthisak/workspace/data-wow_test/backend/src/reservation/reservation.service.ts">
        <metrics statements="41" coveredstatements="41" conditionals="24" coveredconditionals="23" methods="19" coveredmethods="19"/>
        <line num="1" count="3" type="stmt"/>
        <line num="2" count="3" type="stmt"/>
        <line num="4" count="3" type="stmt"/>
        <line num="7" count="3" type="stmt"/>
        <line num="8" count="48" type="stmt"/>
        <line num="9" count="48" type="stmt"/>
        <line num="11" count="48" type="cond" truecount="3" falsecount="1"/>
        <line num="15" count="48" type="stmt"/>
        <line num="18" count="46" type="stmt"/>
        <line num="20" count="16" type="cond" truecount="3" falsecount="0"/>
        <line num="25" count="46" type="cond" truecount="2" falsecount="0"/>
        <line num="26" count="2" type="stmt"/>
        <line num="30" count="44" type="stmt"/>
        <line num="31" count="14" type="cond" truecount="2" falsecount="0"/>
        <line num="35" count="44" type="cond" truecount="2" falsecount="0"/>
        <line num="36" count="2" type="stmt"/>
        <line num="39" count="42" type="stmt"/>
        <line num="43" count="42" type="stmt"/>
        <line num="44" count="42" type="stmt"/>
        <line num="45" count="42" type="stmt"/>
        <line num="49" count="2" type="stmt"/>
        <line num="53" count="11" type="stmt"/>
        <line num="57" count="24" type="stmt"/>
        <line num="58" count="24" type="cond" truecount="2" falsecount="0"/>
        <line num="59" count="3" type="stmt"/>
        <line num="61" count="21" type="stmt"/>
        <line num="65" count="18" type="stmt"/>
        <line num="67" count="16" type="cond" truecount="2" falsecount="0"/>
        <line num="68" count="2" type="stmt"/>
        <line num="71" count="14" type="cond" truecount="2" falsecount="0"/>
        <line num="72" count="2" type="stmt"/>
        <line num="76" count="14" type="stmt"/>
        <line num="77" count="12" type="stmt"/>
        <line num="78" count="12" type="stmt"/>
        <line num="82" count="8" type="stmt"/>
        <line num="86" count="3" type="stmt"/>
        <line num="87" count="4" type="cond" truecount="2" falsecount="0"/>
        <line num="92" count="3" type="stmt"/>
        <line num="95" count="2" type="cond" truecount="3" falsecount="0"/>
        <line num="99" count="1" type="stmt"/>
        <line num="103" count="3" type="stmt"/>
      </file>
    </package>
    <package name="src.reservation.dto">
      <metrics statements="8" coveredstatements="8" conditionals="0" coveredconditionals="0" methods="0" coveredmethods="0"/>
      <file name="cancel-reservation.dto.ts" path="/Users/pakakornsitthisak/workspace/data-wow_test/backend/src/reservation/dto/cancel-reservation.dto.ts">
        <metrics statements="4" coveredstatements="4" conditionals="0" coveredconditionals="0" methods="0" coveredmethods="0"/>
        <line num="1" count="2" type="stmt"/>
        <line num="3" count="2" type="stmt"/>
        <line num="6" count="2" type="stmt"/>
        <line num="9" count="2" type="stmt"/>
      </file>
      <file name="create-reservation.dto.ts" path="/Users/pakakornsitthisak/workspace/data-wow_test/backend/src/reservation/dto/create-reservation.dto.ts">
        <metrics statements="4" coveredstatements="4" conditionals="0" coveredconditionals="0" methods="0" coveredmethods="0"/>
        <line num="1" count="2" type="stmt"/>
        <line num="3" count="2" type="stmt"/>
        <line num="6" count="2" type="stmt"/>
        <line num="9" count="2" type="stmt"/>
      </file>
    </package>
  </project>
</coverage>
