{"/Users/pakakornsitthisak/workspace/data-wow_test/backend/src/app.controller.ts": {"path":"/Users/pakakornsitthisak/workspace/data-wow_test/backend/src/app.controller.ts","statementMap":{"0":{"start":{"line":1,"column":0},"end":{"line":1,"column":49}},"1":{"start":{"line":2,"column":0},"end":{"line":2,"column":43}},"2":{"start":{"line":5,"column":7},"end":{"line":12,"column":null}},"3":{"start":{"line":6,"column":31},"end":{"line":6,"column":43}},"4":{"start":{"line":10,"column":4},"end":{"line":10,"column":38}},"5":{"start":{"line":5,"column":13},"end":{"line":5,"column":26}},"6":{"start":{"line":9,"column":2},"end":{"line":11,"column":null}},"7":{"start":{"line":5,"column":13},"end":{"line":12,"column":null}}},"fnMap":{"0":{"name":"(anonymous_2)","decl":{"start":{"line":6,"column":2},"end":{"line":6,"column":31}},"loc":{"start":{"line":6,"column":53},"end":{"line":6,"column":57}}},"1":{"name":"(anonymous_3)","decl":{"start":{"line":9,"column":2},"end":{"line":9,"column":10}},"loc":{"start":{"line":9,"column":10},"end":{"line":11,"column":3}}}},"branchMap":{"0":{"loc":{"start":{"line":6,"column":43},"end":{"line":6,"column":56}},"type":"cond-expr","locations":[{"start":{"line":6,"column":53},"end":{"line":6,"column":56}},{"start":{"line":6,"column":53},"end":{"line":6,"column":56}}]},"1":{"loc":{"start":{"line":6,"column":43},"end":{"line":6,"column":53}},"type":"binary-expr","locations":[{"start":{"line":6,"column":43},"end":{"line":6,"column":56}},{"start":{"line":6,"column":43},"end":{"line":6,"column":53}}]}},"s":{"0":2,"1":2,"2":2,"3":6,"4":1,"5":2,"6":2,"7":2},"f":{"0":6,"1":1},"b":{"0":[2,0],"1":[2,2]}}
,"/Users/pakakornsitthisak/workspace/data-wow_test/backend/src/app.module.ts": {"path":"/Users/pakakornsitthisak/workspace/data-wow_test/backend/src/app.module.ts","statementMap":{"0":{"start":{"line":1,"column":0},"end":{"line":1,"column":40}},"1":{"start":{"line":2,"column":0},"end":{"line":2,"column":49}},"2":{"start":{"line":3,"column":0},"end":{"line":3,"column":43}},"3":{"start":{"line":4,"column":0},"end":{"line":4,"column":57}},"4":{"start":{"line":5,"column":0},"end":{"line":5,"column":69}},"5":{"start":{"line":12,"column":7},"end":{"line":12,"column":null}},"6":{"start":{"line":12,"column":13},"end":{"line":12,"column":22}},"7":{"start":{"line":12,"column":13},"end":{"line":12,"column":null}}},"fnMap":{},"branchMap":{},"s":{"0":1,"1":1,"2":1,"3":1,"4":1,"5":1,"6":1,"7":1},"f":{},"b":{}}
,"/Users/pakakornsitthisak/workspace/data-wow_test/backend/src/app.service.ts": {"path":"/Users/pakakornsitthisak/workspace/data-wow_test/backend/src/app.service.ts","statementMap":{"0":{"start":{"line":1,"column":0},"end":{"line":1,"column":44}},"1":{"start":{"line":4,"column":7},"end":{"line":8,"column":null}},"2":{"start":{"line":6,"column":4},"end":{"line":6,"column":26}},"3":{"start":{"line":4,"column":13},"end":{"line":4,"column":23}},"4":{"start":{"line":4,"column":13},"end":{"line":8,"column":null}}},"fnMap":{"0":{"name":"(anonymous_1)","decl":{"start":{"line":5,"column":2},"end":{"line":5,"column":10}},"loc":{"start":{"line":5,"column":10},"end":{"line":7,"column":3}}}},"branchMap":{},"s":{"0":2,"1":2,"2":1,"3":2,"4":2},"f":{"0":1},"b":{}}
,"/Users/pakakornsitthisak/workspace/data-wow_test/backend/src/common/filters/http-exception.filter.ts": {"path":"/Users/pakakornsitthisak/workspace/data-wow_test/backend/src/common/filters/http-exception.filter.ts","statementMap":{"0":{"start":{"line":1,"column":0},"end":{"line":1,"column":null}},"1":{"start":{"line":11,"column":7},"end":{"line":34,"column":null}},"2":{"start":{"line":13,"column":16},"end":{"line":13,"column":35}},"3":{"start":{"line":14,"column":21},"end":{"line":14,"column":48}},"4":{"start":{"line":15,"column":20},"end":{"line":15,"column":45}},"5":{"start":{"line":18,"column":6},"end":{"line":20,"column":42}},"6":{"start":{"line":23,"column":6},"end":{"line":25,"column":33}},"7":{"start":{"line":27,"column":4},"end":{"line":32,"column":7}},"8":{"start":{"line":11,"column":13},"end":{"line":11,"column":32}},"9":{"start":{"line":11,"column":13},"end":{"line":34,"column":null}}},"fnMap":{"0":{"name":"(anonymous_1)","decl":{"start":{"line":12,"column":2},"end":{"line":12,"column":7}},"loc":{"start":{"line":12,"column":47},"end":{"line":33,"column":3}}}},"branchMap":{"0":{"loc":{"start":{"line":18,"column":6},"end":{"line":20,"column":42}},"type":"cond-expr","locations":[{"start":{"line":19,"column":10},"end":{"line":19,"column":31}},{"start":{"line":20,"column":10},"end":{"line":20,"column":42}}]},"1":{"loc":{"start":{"line":23,"column":6},"end":{"line":25,"column":33}},"type":"cond-expr","locations":[{"start":{"line":24,"column":10},"end":{"line":24,"column":33}},{"start":{"line":25,"column":10},"end":{"line":25,"column":33}}]},"2":{"loc":{"start":{"line":31,"column":15},"end":{"line":31,"column":90}},"type":"cond-expr","locations":[{"start":{"line":31,"column":45},"end":{"line":31,"column":52}},{"start":{"line":31,"column":56},"end":{"line":31,"column":90}}]},"3":{"loc":{"start":{"line":31,"column":56},"end":{"line":31,"column":90}},"type":"binary-expr","locations":[{"start":{"line":31,"column":56},"end":{"line":31,"column":79}},{"start":{"line":31,"column":83},"end":{"line":31,"column":90}}]}},"s":{"0":1,"1":1,"2":10,"3":10,"4":10,"5":10,"6":10,"7":10,"8":1,"9":1},"f":{"0":10},"b":{"0":[9,1],"1":[9,1],"2":[6,4],"3":[4,2]}}
,"/Users/pakakornsitthisak/workspace/data-wow_test/backend/src/concert/concert.controller.ts": {"path":"/Users/pakakornsitthisak/workspace/data-wow_test/backend/src/concert/concert.controller.ts","statementMap":{"0":{"start":{"line":1,"column":0},"end":{"line":1,"column":null}},"1":{"start":{"line":12,"column":0},"end":{"line":12,"column":51}},"2":{"start":{"line":13,"column":0},"end":{"line":13,"column":60}},"3":{"start":{"line":16,"column":7},"end":{"line":40,"column":null}},"4":{"start":{"line":17,"column":31},"end":{"line":17,"column":47}},"5":{"start":{"line":22,"column":4},"end":{"line":22,"column":56}},"6":{"start":{"line":27,"column":4},"end":{"line":27,"column":41}},"7":{"start":{"line":32,"column":4},"end":{"line":32,"column":43}},"8":{"start":{"line":37,"column":4},"end":{"line":37,"column":35}},"9":{"start":{"line":38,"column":4},"end":{"line":38,"column":55}},"10":{"start":{"line":16,"column":13},"end":{"line":16,"column":30}},"11":{"start":{"line":21,"column":2},"end":{"line":23,"column":null}},"12":{"start":{"line":26,"column":2},"end":{"line":28,"column":null}},"13":{"start":{"line":31,"column":2},"end":{"line":33,"column":null}},"14":{"start":{"line":36,"column":2},"end":{"line":39,"column":null}},"15":{"start":{"line":16,"column":13},"end":{"line":40,"column":null}}},"fnMap":{"0":{"name":"(anonymous_4)","decl":{"start":{"line":17,"column":2},"end":{"line":17,"column":31}},"loc":{"start":{"line":17,"column":61},"end":{"line":17,"column":65}}},"1":{"name":"(anonymous_5)","decl":{"start":{"line":21,"column":2},"end":{"line":21,"column":8}},"loc":{"start":{"line":21,"column":51},"end":{"line":23,"column":3}}},"2":{"name":"(anonymous_6)","decl":{"start":{"line":26,"column":2},"end":{"line":26,"column":9}},"loc":{"start":{"line":26,"column":9},"end":{"line":28,"column":3}}},"3":{"name":"(anonymous_7)","decl":{"start":{"line":31,"column":2},"end":{"line":31,"column":9}},"loc":{"start":{"line":31,"column":47},"end":{"line":33,"column":3}}},"4":{"name":"(anonymous_8)","decl":{"start":{"line":36,"column":2},"end":{"line":36,"column":8}},"loc":{"start":{"line":36,"column":46},"end":{"line":39,"column":3}}}},"branchMap":{"0":{"loc":{"start":{"line":21,"column":35},"end":{"line":21,"column":null}},"type":"cond-expr","locations":[{"start":{"line":21,"column":51},"end":{"line":21,"column":null}},{"start":{"line":21,"column":51},"end":{"line":21,"column":null}}]},"1":{"loc":{"start":{"line":21,"column":35},"end":{"line":21,"column":51}},"type":"binary-expr","locations":[{"start":{"line":21,"column":35},"end":{"line":21,"column":null}},{"start":{"line":21,"column":35},"end":{"line":21,"column":51}}]},"2":{"loc":{"start":{"line":17,"column":47},"end":{"line":17,"column":64}},"type":"cond-expr","locations":[{"start":{"line":17,"column":61},"end":{"line":17,"column":64}},{"start":{"line":17,"column":61},"end":{"line":17,"column":64}}]},"3":{"loc":{"start":{"line":17,"column":47},"end":{"line":17,"column":61}},"type":"binary-expr","locations":[{"start":{"line":17,"column":47},"end":{"line":17,"column":64}},{"start":{"line":17,"column":47},"end":{"line":17,"column":61}}]}},"s":{"0":2,"1":2,"2":2,"3":2,"4":19,"5":13,"6":6,"7":3,"8":3,"9":2,"10":2,"11":2,"12":2,"13":2,"14":2,"15":2},"f":{"0":19,"1":13,"2":6,"3":3,"4":3},"b":{"0":[2,0],"1":[2,2],"2":[2,0],"3":[2,2]}}
,"/Users/pakakornsitthisak/workspace/data-wow_test/backend/src/concert/concert.entity.ts": {"path":"/Users/pakakornsitthisak/workspace/data-wow_test/backend/src/concert/concert.entity.ts","statementMap":{"0":{"start":{"line":10,"column":4},"end":{"line":10,"column":25}},"1":{"start":{"line":11,"column":4},"end":{"line":11,"column":21}},"2":{"start":{"line":12,"column":4},"end":{"line":12,"column":35}},"3":{"start":{"line":13,"column":4},"end":{"line":13,"column":21}},"4":{"start":{"line":14,"column":4},"end":{"line":14,"column":32}},"5":{"start":{"line":15,"column":4},"end":{"line":15,"column":32}},"6":{"start":{"line":1,"column":0},"end":{"line":1,"column":13}}},"fnMap":{"0":{"name":"(anonymous_0)","decl":{"start":{"line":9,"column":2},"end":{"line":9,"column":14}},"loc":{"start":{"line":9,"column":61},"end":{"line":16,"column":3}}}},"branchMap":{},"s":{"0":61,"1":61,"2":61,"3":61,"4":61,"5":61,"6":6},"f":{"0":61},"b":{}}
,"/Users/pakakornsitthisak/workspace/data-wow_test/backend/src/concert/concert.module.ts": {"path":"/Users/pakakornsitthisak/workspace/data-wow_test/backend/src/concert/concert.module.ts","statementMap":{"0":{"start":{"line":1,"column":0},"end":{"line":1,"column":40}},"1":{"start":{"line":2,"column":0},"end":{"line":2,"column":57}},"2":{"start":{"line":3,"column":0},"end":{"line":3,"column":51}},"3":{"start":{"line":10,"column":7},"end":{"line":10,"column":null}},"4":{"start":{"line":10,"column":13},"end":{"line":10,"column":26}},"5":{"start":{"line":10,"column":13},"end":{"line":10,"column":null}}},"fnMap":{},"branchMap":{},"s":{"0":1,"1":1,"2":1,"3":1,"4":1,"5":1},"f":{},"b":{}}
,"/Users/pakakornsitthisak/workspace/data-wow_test/backend/src/concert/concert.service.ts": {"path":"/Users/pakakornsitthisak/workspace/data-wow_test/backend/src/concert/concert.service.ts","statementMap":{"0":{"start":{"line":1,"column":0},"end":{"line":1,"column":63}},"1":{"start":{"line":2,"column":0},"end":{"line":2,"column":43}},"2":{"start":{"line":6,"column":7},"end":{"line":40,"column":null}},"3":{"start":{"line":7,"column":32},"end":{"line":7,"column":34}},"4":{"start":{"line":8,"column":19},"end":{"line":8,"column":20}},"5":{"start":{"line":11,"column":20},"end":{"line":14,"column":null}},"6":{"start":{"line":16,"column":4},"end":{"line":16,"column":31}},"7":{"start":{"line":17,"column":4},"end":{"line":17,"column":32}},"8":{"start":{"line":18,"column":4},"end":{"line":18,"column":19}},"9":{"start":{"line":22,"column":4},"end":{"line":22,"column":25}},"10":{"start":{"line":26,"column":20},"end":{"line":26,"column":58}},"11":{"start":{"line":26,"column":46},"end":{"line":26,"column":57}},"12":{"start":{"line":27,"column":4},"end":{"line":29,"column":5}},"13":{"start":{"line":28,"column":6},"end":{"line":28,"column":69}},"14":{"start":{"line":30,"column":4},"end":{"line":30,"column":19}},"15":{"start":{"line":34,"column":18},"end":{"line":34,"column":61}},"16":{"start":{"line":34,"column":49},"end":{"line":34,"column":60}},"17":{"start":{"line":35,"column":4},"end":{"line":37,"column":5}},"18":{"start":{"line":36,"column":6},"end":{"line":36,"column":69}},"19":{"start":{"line":38,"column":4},"end":{"line":38,"column":35}},"20":{"start":{"line":6,"column":13},"end":{"line":6,"column":27}},"21":{"start":{"line":6,"column":13},"end":{"line":40,"column":null}}},"fnMap":{"0":{"name":"(anonymous_1)","decl":{"start":{"line":10,"column":2},"end":{"line":10,"column":8}},"loc":{"start":{"line":10,"column":43},"end":{"line":19,"column":3}}},"1":{"name":"(anonymous_2)","decl":{"start":{"line":21,"column":2},"end":{"line":21,"column":9}},"loc":{"start":{"line":21,"column":9},"end":{"line":23,"column":3}}},"2":{"name":"(anonymous_3)","decl":{"start":{"line":25,"column":2},"end":{"line":25,"column":9}},"loc":{"start":{"line":25,"column":20},"end":{"line":31,"column":3}}},"3":{"name":"(anonymous_4)","decl":{"start":{"line":26,"column":39},"end":{"line":26,"column":40}},"loc":{"start":{"line":26,"column":46},"end":{"line":26,"column":57}}},"4":{"name":"(anonymous_5)","decl":{"start":{"line":33,"column":2},"end":{"line":33,"column":8}},"loc":{"start":{"line":33,"column":19},"end":{"line":39,"column":3}}},"5":{"name":"(anonymous_6)","decl":{"start":{"line":34,"column":42},"end":{"line":34,"column":43}},"loc":{"start":{"line":34,"column":49},"end":{"line":34,"column":60}}}},"branchMap":{"0":{"loc":{"start":{"line":27,"column":4},"end":{"line":29,"column":5}},"type":"if","locations":[{"start":{"line":27,"column":4},"end":{"line":29,"column":5}},{"start":{},"end":{}}]},"1":{"loc":{"start":{"line":35,"column":4},"end":{"line":37,"column":5}},"type":"if","locations":[{"start":{"line":35,"column":4},"end":{"line":37,"column":5}},{"start":{},"end":{}}]}},"s":{"0":5,"1":5,"2":5,"3":74,"4":74,"5":57,"6":57,"7":57,"8":57,"9":11,"10":53,"11":49,"12":53,"13":4,"14":49,"15":6,"16":4,"17":6,"18":2,"19":4,"20":5,"21":5},"f":{"0":57,"1":11,"2":53,"3":49,"4":6,"5":4},"b":{"0":[4,49],"1":[2,4]}}
,"/Users/pakakornsitthisak/workspace/data-wow_test/backend/src/concert/dto/concert-with-stats.dto.ts": {"path":"/Users/pakakornsitthisak/workspace/data-wow_test/backend/src/concert/dto/concert-with-stats.dto.ts","statementMap":{"0":{"start":{"line":1,"column":0},"end":{"line":1,"column":44}},"1":{"start":{"line":3,"column":0},"end":{"line":3,"column":13}}},"fnMap":{},"branchMap":{},"s":{"0":1,"1":1},"f":{},"b":{}}
,"/Users/pakakornsitthisak/workspace/data-wow_test/backend/src/concert/dto/create-concert.dto.ts": {"path":"/Users/pakakornsitthisak/workspace/data-wow_test/backend/src/concert/dto/create-concert.dto.ts","statementMap":{"0":{"start":{"line":1,"column":0},"end":{"line":1,"column":67}},"1":{"start":{"line":3,"column":0},"end":{"line":3,"column":13}},"2":{"start":{"line":6,"column":2},"end":{"line":6,"column":null}},"3":{"start":{"line":10,"column":2},"end":{"line":10,"column":null}},"4":{"start":{"line":14,"column":2},"end":{"line":14,"column":null}}},"fnMap":{},"branchMap":{},"s":{"0":2,"1":2,"2":2,"3":2,"4":2},"f":{},"b":{}}
,"/Users/pakakornsitthisak/workspace/data-wow_test/backend/src/reservation/reservation.controller.ts": {"path":"/Users/pakakornsitthisak/workspace/data-wow_test/backend/src/reservation/reservation.controller.ts","statementMap":{"0":{"start":{"line":1,"column":0},"end":{"line":1,"column":null}},"1":{"start":{"line":12,"column":0},"end":{"line":12,"column":59}},"2":{"start":{"line":13,"column":0},"end":{"line":13,"column":68}},"3":{"start":{"line":14,"column":0},"end":{"line":14,"column":68}},"4":{"start":{"line":17,"column":7},"end":{"line":43,"column":null}},"5":{"start":{"line":18,"column":31},"end":{"line":18,"column":51}},"6":{"start":{"line":23,"column":4},"end":{"line":23,"column":64}},"7":{"start":{"line":28,"column":4},"end":{"line":30,"column":5}},"8":{"start":{"line":29,"column":6},"end":{"line":29,"column":58}},"9":{"start":{"line":31,"column":4},"end":{"line":31,"column":56}},"10":{"start":{"line":37,"column":4},"end":{"line":40,"column":6}},"11":{"start":{"line":41,"column":4},"end":{"line":41,"column":61}},"12":{"start":{"line":17,"column":13},"end":{"line":17,"column":34}},"13":{"start":{"line":22,"column":2},"end":{"line":24,"column":null}},"14":{"start":{"line":27,"column":2},"end":{"line":32,"column":null}},"15":{"start":{"line":36,"column":2},"end":{"line":42,"column":null}},"16":{"start":{"line":17,"column":13},"end":{"line":43,"column":null}}},"fnMap":{"0":{"name":"(anonymous_4)","decl":{"start":{"line":18,"column":2},"end":{"line":18,"column":31}},"loc":{"start":{"line":18,"column":69},"end":{"line":18,"column":73}}},"1":{"name":"(anonymous_5)","decl":{"start":{"line":22,"column":2},"end":{"line":22,"column":8}},"loc":{"start":{"line":22,"column":59},"end":{"line":24,"column":3}}},"2":{"name":"(anonymous_6)","decl":{"start":{"line":27,"column":2},"end":{"line":27,"column":9}},"loc":{"start":{"line":27,"column":42},"end":{"line":32,"column":3}}},"3":{"name":"(anonymous_7)","decl":{"start":{"line":36,"column":2},"end":{"line":36,"column":8}},"loc":{"start":{"line":36,"column":59},"end":{"line":42,"column":3}}}},"branchMap":{"0":{"loc":{"start":{"line":28,"column":4},"end":{"line":30,"column":5}},"type":"if","locations":[{"start":{"line":28,"column":4},"end":{"line":30,"column":5}},{"start":{},"end":{}}]},"1":{"loc":{"start":{"line":22,"column":39},"end":{"line":22,"column":null}},"type":"cond-expr","locations":[{"start":{"line":22,"column":59},"end":{"line":22,"column":null}},{"start":{"line":22,"column":59},"end":{"line":22,"column":null}}]},"2":{"loc":{"start":{"line":22,"column":39},"end":{"line":22,"column":59}},"type":"binary-expr","locations":[{"start":{"line":22,"column":39},"end":{"line":22,"column":null}},{"start":{"line":22,"column":39},"end":{"line":22,"column":59}}]},"3":{"loc":{"start":{"line":36,"column":39},"end":{"line":36,"column":null}},"type":"cond-expr","locations":[{"start":{"line":36,"column":59},"end":{"line":36,"column":null}},{"start":{"line":36,"column":59},"end":{"line":36,"column":null}}]},"4":{"loc":{"start":{"line":36,"column":39},"end":{"line":36,"column":59}},"type":"binary-expr","locations":[{"start":{"line":36,"column":39},"end":{"line":36,"column":null}},{"start":{"line":36,"column":39},"end":{"line":36,"column":59}}]},"5":{"loc":{"start":{"line":18,"column":51},"end":{"line":18,"column":72}},"type":"cond-expr","locations":[{"start":{"line":18,"column":69},"end":{"line":18,"column":72}},{"start":{"line":18,"column":69},"end":{"line":18,"column":72}}]},"6":{"loc":{"start":{"line":18,"column":51},"end":{"line":18,"column":69}},"type":"binary-expr","locations":[{"start":{"line":18,"column":51},"end":{"line":18,"column":72}},{"start":{"line":18,"column":51},"end":{"line":18,"column":69}}]}},"s":{"0":2,"1":2,"2":2,"3":2,"4":2,"5":22,"6":21,"7":10,"8":4,"9":6,"10":7,"11":4,"12":2,"13":2,"14":2,"15":2,"16":2},"f":{"0":22,"1":21,"2":10,"3":7},"b":{"0":[4,6],"1":[2,0],"2":[2,2],"3":[2,0],"4":[2,2],"5":[2,0],"6":[2,2]}}
,"/Users/pakakornsitthisak/workspace/data-wow_test/backend/src/reservation/reservation.entity.ts": {"path":"/Users/pakakornsitthisak/workspace/data-wow_test/backend/src/reservation/reservation.entity.ts","statementMap":{"0":{"start":{"line":1,"column":0},"end":{"line":1,"column":null}},"1":{"start":{"line":2,"column":2},"end":{"line":2,"column":null}},"2":{"start":{"line":3,"column":2},"end":{"line":3,"column":null}},"3":{"start":{"line":15,"column":4},"end":{"line":15,"column":25}},"4":{"start":{"line":16,"column":4},"end":{"line":16,"column":25}},"5":{"start":{"line":17,"column":4},"end":{"line":17,"column":31}},"6":{"start":{"line":18,"column":4},"end":{"line":18,"column":44}},"7":{"start":{"line":19,"column":4},"end":{"line":19,"column":32}},"8":{"start":{"line":20,"column":4},"end":{"line":20,"column":32}},"9":{"start":{"line":6,"column":0},"end":{"line":6,"column":13}}},"fnMap":{"0":{"name":"(anonymous_0)","decl":{"start":{"line":1,"column":0},"end":{"line":1,"column":12}},"loc":{"start":{"line":1,"column":29},"end":{"line":4,"column":1}}},"1":{"name":"(anonymous_1)","decl":{"start":{"line":14,"column":2},"end":{"line":14,"column":14}},"loc":{"start":{"line":14,"column":47},"end":{"line":21,"column":3}}}},"branchMap":{"0":{"loc":{"start":{"line":1,"column":12},"end":{"line":1,"column":null}},"type":"binary-expr","locations":[{"start":{"line":1,"column":12},"end":{"line":1,"column":29}},{"start":{"line":1,"column":29},"end":{"line":1,"column":null}}]}},"s":{"0":3,"1":3,"2":3,"3":42,"4":42,"5":42,"6":42,"7":42,"8":42,"9":3},"f":{"0":3,"1":42},"b":{"0":[3,3]}}
,"/Users/pakakornsitthisak/workspace/data-wow_test/backend/src/reservation/reservation.module.ts": {"path":"/Users/pakakornsitthisak/workspace/data-wow_test/backend/src/reservation/reservation.module.ts","statementMap":{"0":{"start":{"line":1,"column":0},"end":{"line":1,"column":40}},"1":{"start":{"line":2,"column":0},"end":{"line":2,"column":65}},"2":{"start":{"line":3,"column":0},"end":{"line":3,"column":59}},"3":{"start":{"line":4,"column":0},"end":{"line":4,"column":58}},"4":{"start":{"line":11,"column":7},"end":{"line":11,"column":null}},"5":{"start":{"line":11,"column":13},"end":{"line":11,"column":30}},"6":{"start":{"line":11,"column":13},"end":{"line":11,"column":null}}},"fnMap":{},"branchMap":{},"s":{"0":1,"1":1,"2":1,"3":1,"4":1,"5":1,"6":1},"f":{},"b":{}}
,"/Users/pakakornsitthisak/workspace/data-wow_test/backend/src/reservation/reservation.service.ts": {"path":"/Users/pakakornsitthisak/workspace/data-wow_test/backend/src/reservation/reservation.service.ts","statementMap":{"0":{"start":{"line":1,"column":0},"end":{"line":1,"column":103}},"1":{"start":{"line":2,"column":0},"end":{"line":2,"column":70}},"2":{"start":{"line":4,"column":0},"end":{"line":4,"column":60}},"3":{"start":{"line":7,"column":7},"end":{"line":105,"column":null}},"4":{"start":{"line":8,"column":40},"end":{"line":8,"column":42}},"5":{"start":{"line":9,"column":19},"end":{"line":9,"column":20}},"6":{"start":{"line":11,"column":31},"end":{"line":11,"column":47}},"7":{"start":{"line":15,"column":20},"end":{"line":15,"column":79}},"8":{"start":{"line":18,"column":32},"end":{"line":22,"column":null}},"9":{"start":{"line":20,"column":8},"end":{"line":22,"column":46}},"10":{"start":{"line":25,"column":4},"end":{"line":27,"column":5}},"11":{"start":{"line":26,"column":6},"end":{"line":26,"column":85}},"12":{"start":{"line":30,"column":29},"end":{"line":32,"column":12}},"13":{"start":{"line":31,"column":13},"end":{"line":31,"column":101}},"14":{"start":{"line":35,"column":4},"end":{"line":37,"column":5}},"15":{"start":{"line":36,"column":6},"end":{"line":36,"column":75}},"16":{"start":{"line":39,"column":24},"end":{"line":41,"column":null}},"17":{"start":{"line":43,"column":4},"end":{"line":43,"column":35}},"18":{"start":{"line":44,"column":4},"end":{"line":44,"column":40}},"19":{"start":{"line":45,"column":4},"end":{"line":45,"column":23}},"20":{"start":{"line":49,"column":4},"end":{"line":49,"column":29}},"21":{"start":{"line":53,"column":4},"end":{"line":53,"column":64}},"22":{"start":{"line":53,"column":43},"end":{"line":53,"column":62}},"23":{"start":{"line":57,"column":24},"end":{"line":57,"column":66}},"24":{"start":{"line":57,"column":54},"end":{"line":57,"column":65}},"25":{"start":{"line":58,"column":4},"end":{"line":60,"column":5}},"26":{"start":{"line":59,"column":6},"end":{"line":59,"column":73}},"27":{"start":{"line":61,"column":4},"end":{"line":61,"column":23}},"28":{"start":{"line":65,"column":24},"end":{"line":65,"column":51}},"29":{"start":{"line":67,"column":4},"end":{"line":69,"column":5}},"30":{"start":{"line":68,"column":6},"end":{"line":68,"column":81}},"31":{"start":{"line":71,"column":4},"end":{"line":73,"column":5}},"32":{"start":{"line":72,"column":6},"end":{"line":72,"column":72}},"33":{"start":{"line":76,"column":18},"end":{"line":76,"column":76}},"34":{"start":{"line":76,"column":53},"end":{"line":76,"column":75}},"35":{"start":{"line":77,"column":4},"end":{"line":77,"column":63}},"36":{"start":{"line":78,"column":4},"end":{"line":78,"column":52}},"37":{"start":{"line":82,"column":4},"end":{"line":82,"column":29}},"38":{"start":{"line":86,"column":4},"end":{"line":88,"column":13}},"39":{"start":{"line":87,"column":13},"end":{"line":87,"column":80}},"40":{"start":{"line":92,"column":4},"end":{"line":99,"column":24}},"41":{"start":{"line":95,"column":10},"end":{"line":97,"column":48}},"42":{"start":{"line":99,"column":18},"end":{"line":99,"column":22}},"43":{"start":{"line":103,"column":4},"end":{"line":103,"column":70}},"44":{"start":{"line":103,"column":43},"end":{"line":103,"column":68}},"45":{"start":{"line":7,"column":13},"end":{"line":7,"column":31}},"46":{"start":{"line":7,"column":13},"end":{"line":105,"column":null}}},"fnMap":{"0":{"name":"(anonymous_2)","decl":{"start":{"line":11,"column":2},"end":{"line":11,"column":31}},"loc":{"start":{"line":11,"column":61},"end":{"line":11,"column":65}}},"1":{"name":"(anonymous_3)","decl":{"start":{"line":13,"column":2},"end":{"line":13,"column":8}},"loc":{"start":{"line":13,"column":51},"end":{"line":46,"column":3}}},"2":{"name":"(anonymous_4)","decl":{"start":{"line":19,"column":6},"end":{"line":19,"column":7}},"loc":{"start":{"line":20,"column":8},"end":{"line":22,"column":46}}},"3":{"name":"(anonymous_5)","decl":{"start":{"line":31,"column":6},"end":{"line":31,"column":7}},"loc":{"start":{"line":31,"column":13},"end":{"line":31,"column":101}}},"4":{"name":"(anonymous_6)","decl":{"start":{"line":48,"column":2},"end":{"line":48,"column":9}},"loc":{"start":{"line":48,"column":9},"end":{"line":50,"column":3}}},"5":{"name":"(anonymous_7)","decl":{"start":{"line":52,"column":2},"end":{"line":52,"column":14}},"loc":{"start":{"line":52,"column":29},"end":{"line":54,"column":3}}},"6":{"name":"(anonymous_8)","decl":{"start":{"line":53,"column":36},"end":{"line":53,"column":37}},"loc":{"start":{"line":53,"column":43},"end":{"line":53,"column":62}}},"7":{"name":"(anonymous_9)","decl":{"start":{"line":56,"column":2},"end":{"line":56,"column":9}},"loc":{"start":{"line":56,"column":20},"end":{"line":62,"column":3}}},"8":{"name":"(anonymous_10)","decl":{"start":{"line":57,"column":47},"end":{"line":57,"column":48}},"loc":{"start":{"line":57,"column":54},"end":{"line":57,"column":65}}},"9":{"name":"(anonymous_11)","decl":{"start":{"line":64,"column":2},"end":{"line":64,"column":8}},"loc":{"start":{"line":64,"column":46},"end":{"line":79,"column":3}}},"10":{"name":"(anonymous_12)","decl":{"start":{"line":76,"column":46},"end":{"line":76,"column":47}},"loc":{"start":{"line":76,"column":53},"end":{"line":76,"column":75}}},"11":{"name":"(anonymous_13)","decl":{"start":{"line":81,"column":2},"end":{"line":81,"column":20}},"loc":{"start":{"line":81,"column":20},"end":{"line":83,"column":3}}},"12":{"name":"(anonymous_14)","decl":{"start":{"line":85,"column":2},"end":{"line":85,"column":32}},"loc":{"start":{"line":85,"column":50},"end":{"line":89,"column":3}}},"13":{"name":"(anonymous_15)","decl":{"start":{"line":87,"column":6},"end":{"line":87,"column":7}},"loc":{"start":{"line":87,"column":13},"end":{"line":87,"column":80}}},"14":{"name":"(anonymous_16)","decl":{"start":{"line":91,"column":2},"end":{"line":91,"column":35}},"loc":{"start":{"line":91,"column":69},"end":{"line":100,"column":3}}},"15":{"name":"(anonymous_17)","decl":{"start":{"line":94,"column":8},"end":{"line":94,"column":9}},"loc":{"start":{"line":95,"column":10},"end":{"line":97,"column":48}}},"16":{"name":"(anonymous_18)","decl":{"start":{"line":99,"column":11},"end":{"line":99,"column":12}},"loc":{"start":{"line":99,"column":18},"end":{"line":99,"column":22}}},"17":{"name":"(anonymous_19)","decl":{"start":{"line":102,"column":2},"end":{"line":102,"column":28}},"loc":{"start":{"line":102,"column":46},"end":{"line":104,"column":3}}},"18":{"name":"(anonymous_20)","decl":{"start":{"line":103,"column":36},"end":{"line":103,"column":37}},"loc":{"start":{"line":103,"column":43},"end":{"line":103,"column":68}}}},"branchMap":{"0":{"loc":{"start":{"line":20,"column":8},"end":{"line":22,"column":46}},"type":"binary-expr","locations":[{"start":{"line":20,"column":8},"end":{"line":20,"column":48}},{"start":{"line":21,"column":8},"end":{"line":21,"column":54}},{"start":{"line":22,"column":8},"end":{"line":22,"column":46}}]},"1":{"loc":{"start":{"line":25,"column":4},"end":{"line":27,"column":5}},"type":"if","locations":[{"start":{"line":25,"column":4},"end":{"line":27,"column":5}},{"start":{},"end":{}}]},"2":{"loc":{"start":{"line":31,"column":13},"end":{"line":31,"column":101}},"type":"binary-expr","locations":[{"start":{"line":31,"column":13},"end":{"line":31,"column":59}},{"start":{"line":31,"column":63},"end":{"line":31,"column":101}}]},"3":{"loc":{"start":{"line":35,"column":4},"end":{"line":37,"column":5}},"type":"if","locations":[{"start":{"line":35,"column":4},"end":{"line":37,"column":5}},{"start":{},"end":{}}]},"4":{"loc":{"start":{"line":58,"column":4},"end":{"line":60,"column":5}},"type":"if","locations":[{"start":{"line":58,"column":4},"end":{"line":60,"column":5}},{"start":{},"end":{}}]},"5":{"loc":{"start":{"line":67,"column":4},"end":{"line":69,"column":5}},"type":"if","locations":[{"start":{"line":67,"column":4},"end":{"line":69,"column":5}},{"start":{},"end":{}}]},"6":{"loc":{"start":{"line":71,"column":4},"end":{"line":73,"column":5}},"type":"if","locations":[{"start":{"line":71,"column":4},"end":{"line":73,"column":5}},{"start":{},"end":{}}]},"7":{"loc":{"start":{"line":87,"column":13},"end":{"line":87,"column":80}},"type":"binary-expr","locations":[{"start":{"line":87,"column":13},"end":{"line":87,"column":38}},{"start":{"line":87,"column":42},"end":{"line":87,"column":80}}]},"8":{"loc":{"start":{"line":95,"column":10},"end":{"line":97,"column":48}},"type":"binary-expr","locations":[{"start":{"line":95,"column":10},"end":{"line":95,"column":29}},{"start":{"line":96,"column":10},"end":{"line":96,"column":35}},{"start":{"line":97,"column":10},"end":{"line":97,"column":48}}]},"9":{"loc":{"start":{"line":11,"column":47},"end":{"line":11,"column":64}},"type":"cond-expr","locations":[{"start":{"line":11,"column":61},"end":{"line":11,"column":64}},{"start":{"line":11,"column":61},"end":{"line":11,"column":64}}]},"10":{"loc":{"start":{"line":11,"column":47},"end":{"line":11,"column":61}},"type":"binary-expr","locations":[{"start":{"line":11,"column":47},"end":{"line":11,"column":64}},{"start":{"line":11,"column":47},"end":{"line":11,"column":61}}]}},"s":{"0":3,"1":3,"2":3,"3":3,"4":48,"5":48,"6":48,"7":48,"8":46,"9":16,"10":46,"11":2,"12":44,"13":14,"14":44,"15":2,"16":42,"17":42,"18":42,"19":42,"20":2,"21":5,"22":11,"23":24,"24":23,"25":24,"26":3,"27":21,"28":18,"29":16,"30":2,"31":14,"32":2,"33":12,"34":14,"35":12,"36":12,"37":8,"38":3,"39":4,"40":3,"41":2,"42":1,"43":3,"44":3,"45":3,"46":3},"f":{"0":48,"1":48,"2":16,"3":14,"4":2,"5":5,"6":11,"7":24,"8":23,"9":18,"10":14,"11":8,"12":3,"13":4,"14":3,"15":2,"16":1,"17":3,"18":3},"b":{"0":[16,2,2],"1":[2,44],"2":[14,14],"3":[2,42],"4":[3,21],"5":[2,14],"6":[2,12],"7":[4,4],"8":[2,2,2],"9":[3,0],"10":[3,3]}}
,"/Users/pakakornsitthisak/workspace/data-wow_test/backend/src/reservation/dto/cancel-reservation.dto.ts": {"path":"/Users/pakakornsitthisak/workspace/data-wow_test/backend/src/reservation/dto/cancel-reservation.dto.ts","statementMap":{"0":{"start":{"line":1,"column":0},"end":{"line":1,"column":62}},"1":{"start":{"line":3,"column":0},"end":{"line":3,"column":13}},"2":{"start":{"line":6,"column":2},"end":{"line":6,"column":null}},"3":{"start":{"line":9,"column":2},"end":{"line":9,"column":null}}},"fnMap":{},"branchMap":{},"s":{"0":2,"1":2,"2":2,"3":2},"f":{},"b":{}}
,"/Users/pakakornsitthisak/workspace/data-wow_test/backend/src/reservation/dto/create-reservation.dto.ts": {"path":"/Users/pakakornsitthisak/workspace/data-wow_test/backend/src/reservation/dto/create-reservation.dto.ts","statementMap":{"0":{"start":{"line":1,"column":0},"end":{"line":1,"column":62}},"1":{"start":{"line":3,"column":0},"end":{"line":3,"column":13}},"2":{"start":{"line":6,"column":2},"end":{"line":6,"column":null}},"3":{"start":{"line":9,"column":2},"end":{"line":9,"column":null}}},"fnMap":{},"branchMap":{},"s":{"0":2,"1":2,"2":2,"3":2},"f":{},"b":{}}
}
