TN:
SF:src/app.controller.ts
FN:6,(anonymous_2)
FN:9,(anonymous_3)
FNF:2
FNH:2
FNDA:1,(anonymous_2)
FNDA:1,(anonymous_3)
DA:1,1
DA:2,1
DA:5,1
DA:6,1
DA:9,1
DA:10,1
LF:6
LH:6
BRDA:6,0,0,1
BRDA:6,0,1,0
BRDA:6,1,0,1
BRDA:6,1,1,1
BRF:4
BRH:3
end_of_record
TN:
SF:src/app.module.ts
FNF:0
FNH:0
DA:1,0
DA:2,0
DA:3,0
DA:4,0
DA:5,0
DA:12,0
LF:6
LH:0
BRF:0
BRH:0
end_of_record
TN:
SF:src/app.service.ts
FN:5,(anonymous_1)
FNF:1
FNH:1
FNDA:1,(anonymous_1)
DA:1,1
DA:4,1
DA:6,1
LF:3
LH:3
BRF:0
BRH:0
end_of_record
TN:
SF:src/main.ts
FN:6,bootstrap
FNF:1
FNH:0
FNDA:0,bootstrap
DA:1,0
DA:2,0
DA:3,0
DA:4,0
DA:7,0
DA:10,0
DA:16,0
DA:25,0
DA:27,0
DA:28,0
DA:30,0
LF:11
LH:0
BRDA:27,0,0,0
BRDA:27,0,1,0
BRDA:28,1,0,0
BRDA:28,1,1,0
BRF:4
BRH:0
end_of_record
TN:
SF:src/common/filters/http-exception.filter.ts
FN:12,(anonymous_1)
FNF:1
FNH:0
FNDA:0,(anonymous_1)
DA:1,0
DA:11,0
DA:13,0
DA:14,0
DA:15,0
DA:18,0
DA:23,0
DA:27,0
LF:8
LH:0
BRDA:18,0,0,0
BRDA:18,0,1,0
BRDA:23,1,0,0
BRDA:23,1,1,0
BRDA:31,2,0,0
BRDA:31,2,1,0
BRDA:31,3,0,0
BRDA:31,3,1,0
BRF:8
BRH:0
end_of_record
TN:
SF:src/concert/concert.controller.ts
FN:17,(anonymous_4)
FN:21,(anonymous_5)
FN:26,(anonymous_6)
FN:31,(anonymous_7)
FN:36,(anonymous_8)
FNF:5
FNH:0
FNDA:0,(anonymous_4)
FNDA:0,(anonymous_5)
FNDA:0,(anonymous_6)
FNDA:0,(anonymous_7)
FNDA:0,(anonymous_8)
DA:1,0
DA:12,0
DA:13,0
DA:16,0
DA:17,0
DA:21,0
DA:22,0
DA:26,0
DA:27,0
DA:31,0
DA:32,0
DA:36,0
DA:37,0
DA:38,0
LF:14
LH:0
BRDA:21,0,0,0
BRDA:21,0,1,0
BRDA:21,1,0,0
BRDA:21,1,1,0
BRDA:17,2,0,0
BRDA:17,2,1,0
BRDA:17,3,0,0
BRDA:17,3,1,0
BRF:8
BRH:0
end_of_record
TN:
SF:src/concert/concert.entity.ts
FN:9,(anonymous_0)
FNF:1
FNH:1
FNDA:10,(anonymous_0)
DA:1,2
DA:10,10
DA:11,10
DA:12,10
DA:13,10
DA:14,10
DA:15,10
LF:7
LH:7
BRF:0
BRH:0
end_of_record
TN:
SF:src/concert/concert.module.ts
FNF:0
FNH:0
DA:1,0
DA:2,0
DA:3,0
DA:10,0
LF:4
LH:0
BRF:0
BRH:0
end_of_record
TN:
SF:src/concert/concert.service.ts
FN:10,(anonymous_1)
FN:21,(anonymous_2)
FN:25,(anonymous_3)
FN:26,(anonymous_4)
FN:33,(anonymous_5)
FN:34,(anonymous_6)
FNF:6
FNH:6
FNDA:10,(anonymous_1)
FNDA:3,(anonymous_2)
FNDA:12,(anonymous_3)
FNDA:10,(anonymous_4)
FNDA:2,(anonymous_5)
FNDA:1,(anonymous_6)
DA:1,2
DA:2,2
DA:6,2
DA:7,16
DA:8,16
DA:11,10
DA:16,10
DA:17,10
DA:18,10
DA:22,3
DA:26,12
DA:27,12
DA:28,2
DA:30,10
DA:34,2
DA:35,2
DA:36,1
DA:38,1
LF:18
LH:18
BRDA:27,0,0,2
BRDA:27,0,1,10
BRDA:35,1,0,1
BRDA:35,1,1,1
BRF:4
BRH:4
end_of_record
TN:
SF:src/concert/dto/concert-with-stats.dto.ts
FNF:0
FNH:0
DA:1,0
DA:3,0
LF:2
LH:0
BRF:0
BRH:0
end_of_record
TN:
SF:src/concert/dto/create-concert.dto.ts
FNF:0
FNH:0
DA:1,0
DA:3,0
DA:6,0
DA:10,0
DA:14,0
LF:5
LH:0
BRF:0
BRH:0
end_of_record
TN:
SF:src/reservation/reservation.controller.ts
FN:18,(anonymous_4)
FN:22,(anonymous_5)
FN:27,(anonymous_6)
FN:36,(anonymous_7)
FNF:4
FNH:0
FNDA:0,(anonymous_4)
FNDA:0,(anonymous_5)
FNDA:0,(anonymous_6)
FNDA:0,(anonymous_7)
DA:1,0
DA:12,0
DA:13,0
DA:14,0
DA:17,0
DA:18,0
DA:22,0
DA:23,0
DA:27,0
DA:28,0
DA:29,0
DA:31,0
DA:36,0
DA:37,0
DA:41,0
LF:15
LH:0
BRDA:28,0,0,0
BRDA:28,0,1,0
BRDA:22,1,0,0
BRDA:22,1,1,0
BRDA:22,2,0,0
BRDA:22,2,1,0
BRDA:36,3,0,0
BRDA:36,3,1,0
BRDA:36,4,0,0
BRDA:36,4,1,0
BRDA:18,5,0,0
BRDA:18,5,1,0
BRDA:18,6,0,0
BRDA:18,6,1,0
BRF:14
BRH:0
end_of_record
TN:
SF:src/reservation/reservation.entity.ts
FN:1,(anonymous_0)
FN:14,(anonymous_1)
FNF:2
FNH:2
FNDA:1,(anonymous_0)
FNDA:7,(anonymous_1)
DA:1,1
DA:2,1
DA:3,1
DA:6,1
DA:15,7
DA:16,7
DA:17,7
DA:18,7
DA:19,7
DA:20,7
LF:10
LH:10
BRDA:1,0,0,1
BRDA:1,0,1,1
BRF:2
BRH:2
end_of_record
TN:
SF:src/reservation/reservation.module.ts
FNF:0
FNH:0
DA:1,0
DA:2,0
DA:3,0
DA:4,0
DA:11,0
LF:5
LH:0
BRF:0
BRH:0
end_of_record
TN:
SF:src/reservation/reservation.service.ts
FN:11,(anonymous_2)
FN:13,(anonymous_3)
FN:19,(anonymous_4)
FN:31,(anonymous_5)
FN:48,(anonymous_6)
FN:52,(anonymous_7)
FN:53,(anonymous_8)
FN:56,(anonymous_9)
FN:57,(anonymous_10)
FN:64,(anonymous_11)
FN:75,(anonymous_12)
FN:82,(anonymous_13)
FN:86,(anonymous_14)
FN:88,(anonymous_15)
FN:92,(anonymous_16)
FN:95,(anonymous_17)
FN:100,(anonymous_18)
FN:103,(anonymous_19)
FN:104,(anonymous_20)
FNF:19
FNH:10
FNDA:9,(anonymous_2)
FNDA:10,(anonymous_3)
FNDA:3,(anonymous_4)
FNDA:2,(anonymous_5)
FNDA:0,(anonymous_6)
FNDA:1,(anonymous_7)
FNDA:2,(anonymous_8)
FNDA:4,(anonymous_9)
FNDA:3,(anonymous_10)
FNDA:3,(anonymous_11)
FNDA:1,(anonymous_12)
FNDA:0,(anonymous_13)
FNDA:0,(anonymous_14)
FNDA:0,(anonymous_15)
FNDA:0,(anonymous_16)
FNDA:0,(anonymous_17)
FNDA:0,(anonymous_18)
FNDA:0,(anonymous_19)
FNDA:0,(anonymous_20)
DA:1,1
DA:2,1
DA:4,1
DA:7,1
DA:8,9
DA:9,9
DA:11,9
DA:15,10
DA:18,9
DA:20,3
DA:25,9
DA:26,1
DA:30,8
DA:31,2
DA:35,8
DA:36,1
DA:39,7
DA:43,7
DA:44,7
DA:45,7
DA:49,0
DA:53,2
DA:57,4
DA:58,4
DA:59,1
DA:61,3
DA:65,3
DA:67,2
DA:68,1
DA:71,1
DA:72,0
DA:75,1
DA:76,1
DA:77,1
DA:78,1
DA:83,0
DA:87,0
DA:88,0
DA:93,0
DA:96,0
DA:100,0
DA:104,0
LF:42
LH:33
BRDA:20,0,0,3
BRDA:20,0,1,1
BRDA:20,0,2,1
BRDA:25,1,0,1
BRDA:25,1,1,8
BRDA:31,2,0,2
BRDA:31,2,1,2
BRDA:35,3,0,1
BRDA:35,3,1,7
BRDA:58,4,0,1
BRDA:58,4,1,3
BRDA:67,5,0,1
BRDA:67,5,1,1
BRDA:71,6,0,0
BRDA:71,6,1,1
BRDA:76,7,0,1
BRDA:76,7,1,0
BRDA:88,8,0,0
BRDA:88,8,1,0
BRDA:96,9,0,0
BRDA:96,9,1,0
BRDA:96,9,2,0
BRDA:11,10,0,1
BRDA:11,10,1,0
BRDA:11,11,0,1
BRDA:11,11,1,1
BRF:26
BRH:18
end_of_record
TN:
SF:src/reservation/dto/cancel-reservation.dto.ts
FNF:0
FNH:0
DA:1,0
DA:3,0
DA:6,0
DA:9,0
LF:4
LH:0
BRF:0
BRH:0
end_of_record
TN:
SF:src/reservation/dto/create-reservation.dto.ts
FNF:0
FNH:0
DA:1,0
DA:3,0
DA:6,0
DA:9,0
LF:4
LH:0
BRF:0
BRH:0
end_of_record
