TN:
SF:src/app.controller.ts
FN:6,(anonymous_2)
FN:9,(anonymous_3)
FNF:2
FNH:2
FNDA:6,(anonymous_2)
FNDA:1,(anonymous_3)
DA:1,2
DA:2,2
DA:5,2
DA:6,6
DA:9,2
DA:10,1
LF:6
LH:6
BRDA:6,0,0,2
BRDA:6,0,1,0
BRDA:6,1,0,2
BRDA:6,1,1,2
BRF:4
BRH:3
end_of_record
TN:
SF:src/app.module.ts
FNF:0
FNH:0
DA:1,1
DA:2,1
DA:3,1
DA:4,1
DA:5,1
DA:12,1
LF:6
LH:6
BRF:0
BRH:0
end_of_record
TN:
SF:src/app.service.ts
FN:5,(anonymous_1)
FNF:1
FNH:1
FNDA:1,(anonymous_1)
DA:1,2
DA:4,2
DA:6,1
LF:3
LH:3
BRF:0
BRH:0
end_of_record
TN:
SF:src/common/filters/http-exception.filter.ts
FN:12,(anonymous_1)
FNF:1
FNH:1
FNDA:10,(anonymous_1)
DA:1,1
DA:11,1
DA:13,10
DA:14,10
DA:15,10
DA:18,10
DA:23,10
DA:27,10
LF:8
LH:8
BRDA:18,0,0,9
BRDA:18,0,1,1
BRDA:23,1,0,9
BRDA:23,1,1,1
BRDA:31,2,0,6
BRDA:31,2,1,4
BRDA:31,3,0,4
BRDA:31,3,1,2
BRF:8
BRH:8
end_of_record
TN:
SF:src/concert/concert.controller.ts
FN:17,(anonymous_4)
FN:21,(anonymous_5)
FN:26,(anonymous_6)
FN:31,(anonymous_7)
FN:36,(anonymous_8)
FNF:5
FNH:5
FNDA:19,(anonymous_4)
FNDA:13,(anonymous_5)
FNDA:6,(anonymous_6)
FNDA:3,(anonymous_7)
FNDA:3,(anonymous_8)
DA:1,2
DA:12,2
DA:13,2
DA:16,2
DA:17,19
DA:21,2
DA:22,13
DA:26,2
DA:27,6
DA:31,2
DA:32,3
DA:36,2
DA:37,3
DA:38,2
LF:14
LH:14
BRDA:21,0,0,2
BRDA:21,0,1,0
BRDA:21,1,0,2
BRDA:21,1,1,2
BRDA:17,2,0,2
BRDA:17,2,1,0
BRDA:17,3,0,2
BRDA:17,3,1,2
BRF:8
BRH:6
end_of_record
TN:
SF:src/concert/concert.entity.ts
FN:9,(anonymous_0)
FNF:1
FNH:1
FNDA:61,(anonymous_0)
DA:1,6
DA:10,61
DA:11,61
DA:12,61
DA:13,61
DA:14,61
DA:15,61
LF:7
LH:7
BRF:0
BRH:0
end_of_record
TN:
SF:src/concert/concert.module.ts
FNF:0
FNH:0
DA:1,1
DA:2,1
DA:3,1
DA:10,1
LF:4
LH:4
BRF:0
BRH:0
end_of_record
TN:
SF:src/concert/concert.service.ts
FN:10,(anonymous_1)
FN:21,(anonymous_2)
FN:25,(anonymous_3)
FN:26,(anonymous_4)
FN:33,(anonymous_5)
FN:34,(anonymous_6)
FNF:6
FNH:6
FNDA:57,(anonymous_1)
FNDA:11,(anonymous_2)
FNDA:53,(anonymous_3)
FNDA:49,(anonymous_4)
FNDA:6,(anonymous_5)
FNDA:4,(anonymous_6)
DA:1,5
DA:2,5
DA:6,5
DA:7,74
DA:8,74
DA:11,57
DA:16,57
DA:17,57
DA:18,57
DA:22,11
DA:26,53
DA:27,53
DA:28,4
DA:30,49
DA:34,6
DA:35,6
DA:36,2
DA:38,4
LF:18
LH:18
BRDA:27,0,0,4
BRDA:27,0,1,49
BRDA:35,1,0,2
BRDA:35,1,1,4
BRF:4
BRH:4
end_of_record
TN:
SF:src/concert/dto/concert-with-stats.dto.ts
FNF:0
FNH:0
DA:1,1
DA:3,1
LF:2
LH:2
BRF:0
BRH:0
end_of_record
TN:
SF:src/concert/dto/create-concert.dto.ts
FNF:0
FNH:0
DA:1,2
DA:3,2
DA:6,2
DA:10,2
DA:14,2
LF:5
LH:5
BRF:0
BRH:0
end_of_record
TN:
SF:src/reservation/reservation.controller.ts
FN:18,(anonymous_4)
FN:22,(anonymous_5)
FN:27,(anonymous_6)
FN:36,(anonymous_7)
FNF:4
FNH:4
FNDA:22,(anonymous_4)
FNDA:21,(anonymous_5)
FNDA:10,(anonymous_6)
FNDA:7,(anonymous_7)
DA:1,2
DA:12,2
DA:13,2
DA:14,2
DA:17,2
DA:18,22
DA:22,2
DA:23,21
DA:27,2
DA:28,10
DA:29,4
DA:31,6
DA:36,2
DA:37,7
DA:41,4
LF:15
LH:15
BRDA:28,0,0,4
BRDA:28,0,1,6
BRDA:22,1,0,2
BRDA:22,1,1,0
BRDA:22,2,0,2
BRDA:22,2,1,2
BRDA:36,3,0,2
BRDA:36,3,1,0
BRDA:36,4,0,2
BRDA:36,4,1,2
BRDA:18,5,0,2
BRDA:18,5,1,0
BRDA:18,6,0,2
BRDA:18,6,1,2
BRF:14
BRH:11
end_of_record
TN:
SF:src/reservation/reservation.entity.ts
FN:1,(anonymous_0)
FN:14,(anonymous_1)
FNF:2
FNH:2
FNDA:3,(anonymous_0)
FNDA:42,(anonymous_1)
DA:1,3
DA:2,3
DA:3,3
DA:6,3
DA:15,42
DA:16,42
DA:17,42
DA:18,42
DA:19,42
DA:20,42
LF:10
LH:10
BRDA:1,0,0,3
BRDA:1,0,1,3
BRF:2
BRH:2
end_of_record
TN:
SF:src/reservation/reservation.module.ts
FNF:0
FNH:0
DA:1,1
DA:2,1
DA:3,1
DA:4,1
DA:11,1
LF:5
LH:5
BRF:0
BRH:0
end_of_record
TN:
SF:src/reservation/reservation.service.ts
FN:11,(anonymous_2)
FN:13,(anonymous_3)
FN:19,(anonymous_4)
FN:31,(anonymous_5)
FN:48,(anonymous_6)
FN:52,(anonymous_7)
FN:53,(anonymous_8)
FN:56,(anonymous_9)
FN:57,(anonymous_10)
FN:64,(anonymous_11)
FN:76,(anonymous_12)
FN:81,(anonymous_13)
FN:85,(anonymous_14)
FN:87,(anonymous_15)
FN:91,(anonymous_16)
FN:94,(anonymous_17)
FN:99,(anonymous_18)
FN:102,(anonymous_19)
FN:103,(anonymous_20)
FNF:19
FNH:19
FNDA:48,(anonymous_2)
FNDA:48,(anonymous_3)
FNDA:16,(anonymous_4)
FNDA:14,(anonymous_5)
FNDA:2,(anonymous_6)
FNDA:5,(anonymous_7)
FNDA:11,(anonymous_8)
FNDA:24,(anonymous_9)
FNDA:23,(anonymous_10)
FNDA:18,(anonymous_11)
FNDA:14,(anonymous_12)
FNDA:8,(anonymous_13)
FNDA:3,(anonymous_14)
FNDA:4,(anonymous_15)
FNDA:3,(anonymous_16)
FNDA:2,(anonymous_17)
FNDA:1,(anonymous_18)
FNDA:3,(anonymous_19)
FNDA:3,(anonymous_20)
DA:1,3
DA:2,3
DA:4,3
DA:7,3
DA:8,48
DA:9,48
DA:11,48
DA:15,48
DA:18,46
DA:20,16
DA:25,46
DA:26,2
DA:30,44
DA:31,14
DA:35,44
DA:36,2
DA:39,42
DA:43,42
DA:44,42
DA:45,42
DA:49,2
DA:53,11
DA:57,24
DA:58,24
DA:59,3
DA:61,21
DA:65,18
DA:67,16
DA:68,2
DA:71,14
DA:72,2
DA:76,14
DA:77,12
DA:78,12
DA:82,8
DA:86,3
DA:87,4
DA:92,3
DA:95,2
DA:99,1
DA:103,3
LF:41
LH:41
BRDA:20,0,0,16
BRDA:20,0,1,2
BRDA:20,0,2,2
BRDA:25,1,0,2
BRDA:25,1,1,44
BRDA:31,2,0,14
BRDA:31,2,1,14
BRDA:35,3,0,2
BRDA:35,3,1,42
BRDA:58,4,0,3
BRDA:58,4,1,21
BRDA:67,5,0,2
BRDA:67,5,1,14
BRDA:71,6,0,2
BRDA:71,6,1,12
BRDA:87,7,0,4
BRDA:87,7,1,4
BRDA:95,8,0,2
BRDA:95,8,1,2
BRDA:95,8,2,2
BRDA:11,9,0,3
BRDA:11,9,1,0
BRDA:11,10,0,3
BRDA:11,10,1,3
BRF:24
BRH:23
end_of_record
TN:
SF:src/reservation/dto/cancel-reservation.dto.ts
FNF:0
FNH:0
DA:1,2
DA:3,2
DA:6,2
DA:9,2
LF:4
LH:4
BRF:0
BRH:0
end_of_record
TN:
SF:src/reservation/dto/create-reservation.dto.ts
FNF:0
FNH:0
DA:1,2
DA:3,2
DA:6,2
DA:9,2
LF:4
LH:4
BRF:0
BRH:0
end_of_record
